d:\jumpup\jumpup\day4\debug\vc141.pdb
d:\jumpup\jumpup\day4\debug\vc141.idb
d:\jumpup\jumpup\day4\debug\01-virtualf.obj
d:\jumpup\jumpup\day4\debug\circle.obj
d:\jumpup\jumpup\day4\debug\line.obj
d:\jumpup\jumpup\day4\debug\02-main.obj
d:\jumpup\jumpup\day4\debug\rect.obj
d:\jumpup\jumpup\day4\debug\shape.obj
d:\jumpup\jumpup\day4\debug\03-converter.obj
d:\jumpup\jumpup\day4\debug\04-loopadder.obj
d:\jumpup\jumpup\day4\debug\05-abstractgate.obj
d:\jumpup\jumpup\day4\debug\06-abstractstack.obj
d:\jumpup\jumpup\day4\debug\07-shape.obj
d:\jumpup\jumpup\day4\debug\09-template.obj
d:\jumpup\jumpup\day4\debug\10-print.obj
d:\jumpup\jumpup\day4\debug\11-tempstack.obj
d:\jumpup\jumpup\debug\day4.ilk
d:\jumpup\jumpup\debug\day4.exe
d:\jumpup\jumpup\debug\day4.pdb
d:\jumpup\jumpup\day4\debug\02-shape.obj
d:\jumpup\jumpup\day4\debug\day4.tlog\cl.command.1.tlog
d:\jumpup\jumpup\day4\debug\day4.tlog\cl.read.1.tlog
d:\jumpup\jumpup\day4\debug\day4.tlog\cl.write.1.tlog
d:\jumpup\jumpup\day4\debug\day4.tlog\link.command.1.tlog
d:\jumpup\jumpup\day4\debug\day4.tlog\link.read.1.tlog
d:\jumpup\jumpup\day4\debug\day4.tlog\link.write.1.tlog
