d:\jumpup\jumpup\day9-c\debug\vc141.pdb
d:\jumpup\jumpup\day9-c\debug\vc141.idb
d:\jumpup\jumpup\day9-c\debug\lwclient.obj
d:\jumpup\jumpup\day9-c\debug\upgradeclient.obj
d:\jumpup\jumpup\day9-c\debug\room.obj
d:\jumpup\jumpup\day9-c\debug\gameclient.obj
d:\jumpup\jumpup\day9-c\debug\enemy.obj
d:\jumpup\jumpup\day9-c\debug\chest.obj
d:\jumpup\jumpup\day9-c\debug\player.obj
d:\jumpup\jumpup\day9-c\debug\game.obj
d:\jumpup\jumpup\day9-c\debug\client.obj
d:\jumpup\jumpup\debug\day9-c.pdb
d:\jumpup\jumpup\day9-c\debug\day9-c.tlog\cl.command.1.tlog
d:\jumpup\jumpup\day9-c\debug\day9-c.tlog\cl.read.1.tlog
d:\jumpup\jumpup\day9-c\debug\day9-c.tlog\cl.write.1.tlog
d:\jumpup\jumpup\day9-c\debug\day9-c.tlog\link-cvtres.read.1.tlog
d:\jumpup\jumpup\day9-c\debug\day9-c.tlog\link-cvtres.write.1.tlog
d:\jumpup\jumpup\day9-c\debug\day9-c.tlog\link-rc.read.1.tlog
d:\jumpup\jumpup\day9-c\debug\day9-c.tlog\link-rc.write.1.tlog
d:\jumpup\jumpup\day9-c\debug\day9-c.tlog\link.7428-cvtres.read.1.tlog
d:\jumpup\jumpup\day9-c\debug\day9-c.tlog\link.7428-cvtres.write.1.tlog
d:\jumpup\jumpup\day9-c\debug\day9-c.tlog\link.7428-rc.read.1.tlog
d:\jumpup\jumpup\day9-c\debug\day9-c.tlog\link.7428-rc.write.1.tlog
d:\jumpup\jumpup\day9-c\debug\day9-c.tlog\link.7428.read.1.tlog
d:\jumpup\jumpup\day9-c\debug\day9-c.tlog\link.7428.write.1.tlog
d:\jumpup\jumpup\day9-c\debug\day9-c.tlog\link.command.1.tlog
d:\jumpup\jumpup\day9-c\debug\day9-c.tlog\link.read.1.tlog
d:\jumpup\jumpup\day9-c\debug\day9-c.tlog\link.write.1.tlog
